-1.333310971350071213e+03
-1.278278863950813502e+03
-1.213762267924902517e+03
-1.158890367113999901e+03
-1.138089763058583003e+03
-1.110568859784052165e+03
-1.085078253199349092e+03
-1.073508785742257260e+03
-1.082474708130798263e+03
-1.066800569267243873e+03
-1.076544656906719638e+03
-1.058036981119974143e+03
-1.052070195831679712e+03
-1.058773521891966539e+03
-1.046965267166471904e+03
-1.045669332893707860e+03
-1.054327595265806394e+03
-1.026666786094347799e+03
-1.040066813889083960e+03
-1.029197914746651350e+03
-1.023944715685111191e+03
-1.023244811458756544e+03
